0 info it worked if it ends with ok
1 verbose cli [ '/Users/Florian/.nvm/versions/node/v7.6.0/bin/node',
1 verbose cli   '/Users/Florian/.nvm/versions/node/v7.6.0/bin/npm',
1 verbose cli   'run',
1 verbose cli   'pretest:server' ]
2 info using npm@4.1.2
3 info using node@v7.6.0
4 verbose run-script [ 'pretest:server' ]
5 info lifecycle Jugendsommer@0.0.1~pretest:server: Jugendsommer@0.0.1
6 verbose lifecycle Jugendsommer@0.0.1~pretest:server: unsafe-perm in lifecycle true
7 verbose lifecycle Jugendsommer@0.0.1~pretest:server: PATH: /Users/Florian/.nvm/versions/node/v7.6.0/lib/node_modules/npm/bin/node-gyp-bin:/Users/Florian/Projects/JugendsommerOrig/node_modules/.bin:/Users/Florian/.nvm/versions/node/v7.6.0/bin:/usr/local/bin:/usr/bin:/bin:/usr/sbin:/sbin:/Users/Florian/Library/Android/skd/tools
8 verbose lifecycle Jugendsommer@0.0.1~pretest:server: CWD: /Users/Florian/Projects/JugendsommerOrig
9 silly lifecycle Jugendsommer@0.0.1~pretest:server: Args: [ '-c', 'mongo ./server/test/configTestDb.mongo.js' ]
10 silly lifecycle Jugendsommer@0.0.1~pretest:server: Returned: code: 1  signal: null
11 info lifecycle Jugendsommer@0.0.1~pretest:server: Failed to exec pretest:server script
12 verbose stack Error: Jugendsommer@0.0.1 pretest:server: `mongo ./server/test/configTestDb.mongo.js`
12 verbose stack Exit status 1
12 verbose stack     at EventEmitter.<anonymous> (/Users/Florian/.nvm/versions/node/v7.6.0/lib/node_modules/npm/lib/utils/lifecycle.js:279:16)
12 verbose stack     at emitTwo (events.js:106:13)
12 verbose stack     at EventEmitter.emit (events.js:192:7)
12 verbose stack     at ChildProcess.<anonymous> (/Users/Florian/.nvm/versions/node/v7.6.0/lib/node_modules/npm/lib/utils/spawn.js:40:14)
12 verbose stack     at emitTwo (events.js:106:13)
12 verbose stack     at ChildProcess.emit (events.js:192:7)
12 verbose stack     at maybeClose (internal/child_process.js:890:16)
12 verbose stack     at Process.ChildProcess._handle.onexit (internal/child_process.js:226:5)
13 verbose pkgid Jugendsommer@0.0.1
14 verbose cwd /Users/Florian/Projects/JugendsommerOrig
15 error Darwin 16.5.0
16 error argv "/Users/Florian/.nvm/versions/node/v7.6.0/bin/node" "/Users/Florian/.nvm/versions/node/v7.6.0/bin/npm" "run" "pretest:server"
17 error node v7.6.0
18 error npm  v4.1.2
19 error code ELIFECYCLE
20 error Jugendsommer@0.0.1 pretest:server: `mongo ./server/test/configTestDb.mongo.js`
20 error Exit status 1
21 error Failed at the Jugendsommer@0.0.1 pretest:server script 'mongo ./server/test/configTestDb.mongo.js'.
21 error Make sure you have the latest version of node.js and npm installed.
21 error If you do, this is most likely a problem with the Jugendsommer package,
21 error not with npm itself.
21 error Tell the author that this fails on your system:
21 error     mongo ./server/test/configTestDb.mongo.js
21 error You can get information on how to open an issue for this project with:
21 error     npm bugs Jugendsommer
21 error Or if that isn't available, you can get their info via:
21 error     npm owner ls Jugendsommer
21 error There is likely additional logging output above.
22 verbose exit [ 1, true ]
